Building DAG of jobs...
Full Traceback (most recent call last):
  File "/home/isshamie/software/anaconda2/envs/TSS/lib/python3.7/site-packages/snakemake/__init__.py", line 547, in snakemake
    export_cwl=export_cwl)
  File "/home/isshamie/software/anaconda2/envs/TSS/lib/python3.7/site-packages/snakemake/workflow.py", line 421, in execute
    dag.init()
  File "/home/isshamie/software/anaconda2/envs/TSS/lib/python3.7/site-packages/snakemake/dag.py", line 122, in init
    job = self.update([job], progress=progress)
  File "/home/isshamie/software/anaconda2/envs/TSS/lib/python3.7/site-packages/snakemake/dag.py", line 631, in update
    raise exceptions[0]
  File "/home/isshamie/software/anaconda2/envs/TSS/lib/python3.7/site-packages/snakemake/dag.py", line 603, in update
    progress=progress)
  File "/home/isshamie/software/anaconda2/envs/TSS/lib/python3.7/site-packages/snakemake/dag.py", line 673, in update_
    raise ex
  File "/home/isshamie/software/anaconda2/envs/TSS/lib/python3.7/site-packages/snakemake/dag.py", line 666, in update_
    progress=progress)
  File "/home/isshamie/software/anaconda2/envs/TSS/lib/python3.7/site-packages/snakemake/dag.py", line 631, in update
    raise exceptions[0]
  File "/home/isshamie/software/anaconda2/envs/TSS/lib/python3.7/site-packages/snakemake/dag.py", line 603, in update
    progress=progress)
  File "/home/isshamie/software/anaconda2/envs/TSS/lib/python3.7/site-packages/snakemake/dag.py", line 673, in update_
    raise ex
  File "/home/isshamie/software/anaconda2/envs/TSS/lib/python3.7/site-packages/snakemake/dag.py", line 666, in update_
    progress=progress)
  File "/home/isshamie/software/anaconda2/envs/TSS/lib/python3.7/site-packages/snakemake/dag.py", line 631, in update
    raise exceptions[0]
  File "/home/isshamie/software/anaconda2/envs/TSS/lib/python3.7/site-packages/snakemake/dag.py", line 603, in update
    progress=progress)
  File "/home/isshamie/software/anaconda2/envs/TSS/lib/python3.7/site-packages/snakemake/dag.py", line 682, in update_
    raise MissingInputException(job.rule, missing_input)
snakemake.exceptions.MissingInputException: Missing input files for rule retrieve_peaks:
data/processed/synapse/merged/samples.merge.peaksexpression.log2

MissingInputException in line 113 of /data/isshamie/TSS/Analysis/TSS_code/snakefile:
Missing input files for rule retrieve_peaks:
data/processed/synapse/merged/samples.merge.peaksexpression.log2
